# JRE version: Java(TM) SE Runtime Environment (8.0_181-b13) (build 1.8.0_181-b13)
# Java VM: Java HotSpot(TM) 64-Bit Server VM (25.181-b13 mixed mode windows-amd64 compressed oops)
Heap:
 PSYoungGen      total 74752K, used 53068K [0x000000076b300000, 0x0000000772580000, 0x00000007c0000000)
  eden space 64000K, 66% used [0x000000076b300000,0x000000076dc58b40,0x000000076f180000)
  from space 10752K, 99% used [0x000000076f300000,0x000000076fd7a5e0,0x000000076fd80000)
  to   space 26624K, 0% used [0x0000000770b80000,0x0000000770b80000,0x0000000772580000)
 ParOldGen       total 175104K, used 21705K [0x00000006c1800000, 0x00000006cc300000, 0x000000076b300000)
  object space 175104K, 12% used [0x00000006c1800000,0x00000006c2d32798,0x00000006cc300000)
 Metaspace       used 20680K, capacity 21020K, committed 21248K, reserved 1069056K
  class space    used 2371K, capacity 2524K, committed 2560K, reserved 1048576K
GC Heap History (10 events):
Event: 2.777 GC heap before
{Heap before GC invocations=1 (full 0):
 PSYoungGen      total 76288K, used 65536K [0x000000076b300000, 0x0000000770800000, 0x00000007c0000000)
  eden space 65536K, 100% used [0x000000076b300000,0x000000076f300000,0x000000076f300000)
  from space 10752K, 0% used [0x000000076fd80000,0x000000076fd80000,0x0000000770800000)
  to   space 10752K, 0% used [0x000000076f300000,0x000000076f300000,0x000000076fd80000)
 ParOldGen       total 175104K, used 0K [0x00000006c1800000, 0x00000006cc300000, 0x000000076b300000)
  object space 175104K, 0% used [0x00000006c1800000,0x00000006c1800000,0x00000006cc300000)
 Metaspace       used 12232K, capacity 12462K, committed 12672K, reserved 1060864K
  class space    used 1504K, capacity 1575K, committed 1664K, reserved 1048576K
Event: 2.794 GC heap after
Heap after GC invocations=1 (full 0):
 PSYoungGen      total 76288K, used 10247K [0x000000076b300000, 0x0000000770800000, 0x00000007c0000000)
  eden space 65536K, 0% used [0x000000076b300000,0x000000076b300000,0x000000076f300000)
  from space 10752K, 95% used [0x000000076f300000,0x000000076fd01f10,0x000000076fd80000)
  to   space 10752K, 0% used [0x000000076fd80000,0x000000076fd80000,0x0000000770800000)
 ParOldGen       total 175104K, used 16K [0x00000006c1800000, 0x00000006cc300000, 0x000000076b300000)
  object space 175104K, 0% used [0x00000006c1800000,0x00000006c1804000,0x00000006cc300000)
 Metaspace       used 12232K, capacity 12462K, committed 12672K, reserved 1060864K
  class space    used 1504K, capacity 1575K, committed 1664K, reserved 1048576K
}
Event: 4.970 GC heap before
{Heap before GC invocations=2 (full 0):
 PSYoungGen      total 76288K, used 75783K [0x000000076b300000, 0x0000000770800000, 0x00000007c0000000)
  eden space 65536K, 100% used [0x000000076b300000,0x000000076f300000,0x000000076f300000)
  from space 10752K, 95% used [0x000000076f300000,0x000000076fd01f10,0x000000076fd80000)
  to   space 10752K, 0% used [0x000000076fd80000,0x000000076fd80000,0x0000000770800000)
 ParOldGen       total 175104K, used 16K [0x00000006c1800000, 0x00000006cc300000, 0x000000076b300000)
  object space 175104K, 0% used [0x00000006c1800000,0x00000006c1804000,0x00000006cc300000)
 Metaspace       used 12964K, capacity 13246K, committed 13440K, reserved 1060864K
  class space    used 1538K, capacity 1615K, committed 1664K, reserved 1048576K
Event: 4.983 GC heap after
Heap after GC invocations=2 (full 0):
 PSYoungGen      total 76288K, used 7755K [0x000000076b300000, 0x0000000770800000, 0x00000007c0000000)
  eden space 65536K, 0% used [0x000000076b300000,0x000000076b300000,0x000000076f300000)
  from space 10752K, 72% used [0x000000076fd80000,0x0000000770512fd8,0x0000000770800000)
  to   space 10752K, 0% used [0x000000076f300000,0x000000076f300000,0x000000076fd80000)
 ParOldGen       total 175104K, used 24K [0x00000006c1800000, 0x00000006cc300000, 0x000000076b300000)
  object space 175104K, 0% used [0x00000006c1800000,0x00000006c1806000,0x00000006cc300000)
 Metaspace       used 12964K, capacity 13246K, committed 13440K, reserved 1060864K
  class space    used 1538K, capacity 1615K, committed 1664K, reserved 1048576K
}
Event: 7.857 GC heap before
{Heap before GC invocations=3 (full 0):
 PSYoungGen      total 76288K, used 73291K [0x000000076b300000, 0x0000000770800000, 0x00000007c0000000)
  eden space 65536K, 100% used [0x000000076b300000,0x000000076f300000,0x000000076f300000)
  from space 10752K, 72% used [0x000000076fd80000,0x0000000770512fd8,0x0000000770800000)
  to   space 10752K, 0% used [0x000000076f300000,0x000000076f300000,0x000000076fd80000)
 ParOldGen       total 175104K, used 24K [0x00000006c1800000, 0x00000006cc300000, 0x000000076b300000)
  object space 175104K, 0% used [0x00000006c1800000,0x00000006c1806000,0x00000006cc300000)
 Metaspace       used 13447K, capacity 13724K, committed 13952K, reserved 1060864K
  class space    used 1558K, capacity 1620K, committed 1664K, reserved 1048576K
Event: 7.868 GC heap after
Heap after GC invocations=3 (full 0):
 PSYoungGen      total 76288K, used 9680K [0x000000076b300000, 0x0000000770800000, 0x00000007c0000000)
  eden space 65536K, 0% used [0x000000076b300000,0x000000076b300000,0x000000076f300000)
  from space 10752K, 90% used [0x000000076f300000,0x000000076fc74010,0x000000076fd80000)
  to   space 10752K, 0% used [0x000000076fd80000,0x000000076fd80000,0x0000000770800000)
 ParOldGen       total 175104K, used 32K [0x00000006c1800000, 0x00000006cc300000, 0x000000076b300000)
  object space 175104K, 0% used [0x00000006c1800000,0x00000006c1808000,0x00000006cc300000)
 Metaspace       used 13447K, capacity 13724K, committed 13952K, reserved 1060864K
  class space    used 1558K, capacity 1620K, committed 1664K, reserved 1048576K
}
Event: 13.689 GC heap before
{Heap before GC invocations=4 (full 0):
 PSYoungGen      total 76288K, used 75216K [0x000000076b300000, 0x0000000770800000, 0x00000007c0000000)
  eden space 65536K, 100% used [0x000000076b300000,0x000000076f300000,0x000000076f300000)
  from space 10752K, 90% used [0x000000076f300000,0x000000076fc74010,0x000000076fd80000)
  to   space 10752K, 0% used [0x000000076fd80000,0x000000076fd80000,0x0000000770800000)
 ParOldGen       total 175104K, used 32K [0x00000006c1800000, 0x00000006cc300000, 0x000000076b300000)
  object space 175104K, 0% used [0x00000006c1800000,0x00000006c1808000,0x00000006cc300000)
 Metaspace       used 14877K, capacity 15164K, committed 15488K, reserved 1062912K
  class space    used 1704K, capacity 1804K, committed 1920K, reserved 1048576K
Event: 13.711 GC heap after
Heap after GC invocations=4 (full 0):
 PSYoungGen      total 76288K, used 10736K [0x000000076b300000, 0x0000000770800000, 0x00000007c0000000)
  eden space 65536K, 0% used [0x000000076b300000,0x000000076b300000,0x000000076f300000)
  from space 10752K, 99% used [0x000000076fd80000,0x00000007707fc010,0x0000000770800000)
  to   space 10752K, 0% used [0x000000076f300000,0x000000076f300000,0x000000076fd80000)
 ParOldGen       total 175104K, used 2647K [0x00000006c1800000, 0x00000006cc300000, 0x000000076b300000)
  object space 175104K, 1% used [0x00000006c1800000,0x00000006c1a95c78,0x00000006cc300000)
 Metaspace       used 14877K, capacity 15164K, committed 15488K, reserved 1062912K
  class space    used 1704K, capacity 1804K, committed 1920K, reserved 1048576K
}
Event: 18.214 GC heap before
{Heap before GC invocations=5 (full 0):
 PSYoungGen      total 76288K, used 76272K [0x000000076b300000, 0x0000000770800000, 0x00000007c0000000)
  eden space 65536K, 100% used [0x000000076b300000,0x000000076f300000,0x000000076f300000)
  from space 10752K, 99% used [0x000000076fd80000,0x00000007707fc010,0x0000000770800000)
  to   space 10752K, 0% used [0x000000076f300000,0x000000076f300000,0x000000076fd80000)
 ParOldGen       total 175104K, used 2647K [0x00000006c1800000, 0x00000006cc300000, 0x000000076b300000)
  object space 175104K, 1% used [0x00000006c1800000,0x00000006c1a95c78,0x00000006cc300000)
 Metaspace       used 19594K, capacity 19856K, committed 20096K, reserved 1067008K
  class space    used 2264K, capacity 2388K, committed 2432K, reserved 1048576K
Event: 18.264 GC heap after
Heap after GC invocations=5 (full 0):
 PSYoungGen      total 74752K, used 10729K [0x000000076b300000, 0x0000000772580000, 0x00000007c0000000)
  eden space 64000K, 0% used [0x000000076b300000,0x000000076b300000,0x000000076f180000)
  from space 10752K, 99% used [0x000000076f300000,0x000000076fd7a5e0,0x000000076fd80000)
  to   space 26624K, 0% used [0x0000000770b80000,0x0000000770b80000,0x0000000772580000)
 ParOldGen       total 175104K, used 21705K [0x00000006c1800000, 0x00000006cc300000, 0x000000076b300000)
  object space 175104K, 12% used [0x00000006c1800000,0x00000006c2d32798,0x00000006cc300000)
 Metaspace       used 19594K, capacity 19856K, committed 20096K, reserved 1067008K
  class space    used 2264K, capacity 2388K, committed 2432K, reserved 1048576K
}

